<?xml version="1.0" encoding="UTF-8"?>
<!-- Generated by org.testng.reporters.JUnitXMLReporter -->
<testsuite ignored="0" hostname="LTIN230084" failures="0" tests="2" name="Test2" time="0.158" errors="0" timestamp="2024-02-23T11:47:27 IST">
  <testcase classname="pack16.ParamTest" name="@BeforeClass setup" time="-1.708669046828E9">
    <failure type="org.testng.TestNGException" message="
Parameter &amp;apos;url&amp;apos; is required by BeforeClass on method setup but has not been marked @Optional or defined
in C:\Users\2308938\eclipse-workspace\seleniumproject\src\test\java\pack16\testng.xml">
      <![CDATA[org.testng.TestNGException: 
Parameter 'url' is required by BeforeClass on method setup but has not been marked @Optional or defined
in C:\Users\2308938\eclipse-workspace\seleniumproject\src\test\java\pack16\testng.xml
at java.base/java.util.ArrayList.forEach(ArrayList.java:1511)
at java.base/java.util.concurrent.FutureTask.run(FutureTask.java:264)
at java.base/java.util.concurrent.ThreadPoolExecutor.runWorker(ThreadPoolExecutor.java:1136)
at java.base/java.util.concurrent.ThreadPoolExecutor$Worker.run(ThreadPoolExecutor.java:635)
at java.base/java.lang.Thread.run(Thread.java:833)
... Removed 13 stack frames]]>
    </failure>
  </testcase> <!-- @BeforeClass setup -->
  <testcase classname="pack16.ParamTest" name="@AfterClass closeApp" time="-1.708669046927E9">
    <skipped/>
  </testcase> <!-- @AfterClass closeApp -->
  <testcase classname="pack16.ParamTest" name="testLogo" time="0.0">
    <skipped/>
  </testcase> <!-- testLogo -->
  <testcase classname="pack16.ParamTest" name="testHomePageTitle" time="0.0">
    <skipped/>
  </testcase> <!-- testHomePageTitle -->
</testsuite> <!-- Test2 -->
